[INFO] Scanning for projects...
[INFO] 
[INFO] -----------------------< dad:Creaccion_Usuario >------------------------
[INFO] Building Creaccion_Usuario 1.0.0
[INFO]   from pom.xml
[INFO] --------------------------------[ jar ]---------------------------------
[WARNING] 6 problems were encountered while building the effective model for org.openjfx:javafx-controls:jar:21.0.2 during dependency collection step for project (use -X to see details)
[INFO] 
[INFO] --- clean:3.2.0:clean (default-clean) @ Creaccion_Usuario ---
[INFO] Deleting C:\Users\darma\Documents\GitHub\ProyectoDAM\Creaccion_Usuario\target
[INFO] 
[INFO] --- resources:3.3.1:resources (default-resources) @ Creaccion_Usuario ---
[INFO] Copying 1 resource from src\main\resources to target\classes
[INFO] 
[INFO] --- compiler:3.11.0:compile (default-compile) @ Creaccion_Usuario ---
[INFO] Changes detected - recompiling the module! :source
[INFO] Compiling 6 source files with javac [debug target 21] to target\classes
[WARNING] location of system modules is not set in conjunction with -source 21
  not setting the location of system modules may lead to class files that cannot run on JDK 21
    --release 21 is recommended instead of -source 21 -target 21 because it sets the location of system modules automatically
[INFO] 
[INFO] --- resources:3.3.1:testResources (default-testResources) @ Creaccion_Usuario ---
[INFO] skip non existing resourceDirectory C:\Users\darma\Documents\GitHub\ProyectoDAM\Creaccion_Usuario\src\test\resources
[INFO] 
[INFO] --- compiler:3.11.0:testCompile (default-testCompile) @ Creaccion_Usuario ---
[INFO] Changes detected - recompiling the module! :dependency
[INFO] Compiling 1 source file with javac [debug target 21] to target\test-classes
[WARNING] location of system modules is not set in conjunction with -source 21
  not setting the location of system modules may lead to class files that cannot run on JDK 21
    --release 21 is recommended instead of -source 21 -target 21 because it sets the location of system modules automatically
[INFO] 
[INFO] --- surefire:3.2.5:test (default-test) @ Creaccion_Usuario ---
[INFO] Using auto detected provider org.apache.maven.surefire.junit.JUnit3Provider
[INFO] 
[INFO] -------------------------------------------------------
[INFO]  T E S T S
[INFO] -------------------------------------------------------
[INFO] Running dad.AppTest
[INFO] Tests run: 1, Failures: 0, Errors: 0, Skipped: 0, Time elapsed: 0.022 s -- in dad.AppTest
[INFO] 
[INFO] Results:
[INFO] 
[INFO] Tests run: 1, Failures: 0, Errors: 0, Skipped: 0
[INFO] 
[INFO] 
[INFO] --- dependency:3.6.1:copy-dependencies (copy-dependencies) @ Creaccion_Usuario ---
[INFO] Copying jackson-databind-2.17.0.jar to C:\Users\darma\Documents\GitHub\ProyectoDAM\Creaccion_Usuario\target\modules\jackson-databind-2.17.0.jar
[INFO] Copying byte-buddy-1.14.9.jar to C:\Users\darma\Documents\GitHub\ProyectoDAM\Creaccion_Usuario\target\modules\byte-buddy-1.14.9.jar
[INFO] Copying javafx-controls-21.0.2.jar to C:\Users\darma\Documents\GitHub\ProyectoDAM\Creaccion_Usuario\target\modules\javafx-controls-21.0.2.jar
[INFO] Copying javafx-controls-21.0.2-win.jar to C:\Users\darma\Documents\GitHub\ProyectoDAM\Creaccion_Usuario\target\modules\javafx-controls-21.0.2-win.jar
[INFO] Copying javafx-fxml-21.0.2.jar to C:\Users\darma\Documents\GitHub\ProyectoDAM\Creaccion_Usuario\target\modules\javafx-fxml-21.0.2.jar
[INFO] Copying javafx-fxml-21.0.2-win.jar to C:\Users\darma\Documents\GitHub\ProyectoDAM\Creaccion_Usuario\target\modules\javafx-fxml-21.0.2-win.jar
[INFO] Copying javafx-graphics-21.0.2.jar to C:\Users\darma\Documents\GitHub\ProyectoDAM\Creaccion_Usuario\target\modules\javafx-graphics-21.0.2.jar
[INFO] Copying javafx-graphics-21.0.2-win.jar to C:\Users\darma\Documents\GitHub\ProyectoDAM\Creaccion_Usuario\target\modules\javafx-graphics-21.0.2-win.jar
[INFO] Copying javafx-base-21.0.2.jar to C:\Users\darma\Documents\GitHub\ProyectoDAM\Creaccion_Usuario\target\modules\javafx-base-21.0.2.jar
[INFO] Copying javafx-base-21.0.2-win.jar to C:\Users\darma\Documents\GitHub\ProyectoDAM\Creaccion_Usuario\target\modules\javafx-base-21.0.2-win.jar
[INFO] Copying jackson-core-2.17.0.jar to C:\Users\darma\Documents\GitHub\ProyectoDAM\Creaccion_Usuario\target\modules\jackson-core-2.17.0.jar
[INFO] Copying jackson-annotations-2.17.0.jar to C:\Users\darma\Documents\GitHub\ProyectoDAM\Creaccion_Usuario\target\modules\jackson-annotations-2.17.0.jar
[INFO] 
[INFO] --- jar:3.4.1:jar (default-jar) @ Creaccion_Usuario ---
[WARNING]  Parameter 'finalName' is read-only, must not be used in configuration
[INFO] Building jar: C:\Users\darma\Documents\GitHub\ProyectoDAM\Creaccion_Usuario\target\modules\Creaccion_Usuario-1.0.0.jar.jar
[INFO] 
[INFO] --- jpackage:1.6.0:jpackage (default-cli) @ Creaccion_Usuario ---
[INFO] Using: C:\Program Files\Java\jdk-22\bin\jpackage.exe, major version: 22
[INFO] jpackage options:
[INFO]   --name Creaccion_Usuario
[INFO]   --dest C:\Users\darma\Documents\GitHub\ProyectoDAM\Creaccion_Usuario\target\dist
[INFO]   --app-version 1.0.0
[INFO]   --vendor Tu Compañía
[INFO]   --main-class dad.Main.Main
[INFO]   --main-jar Creaccion_Usuario-1.0.0.jar
[INFO]   --module-path C:\Users\darma\Documents\GitHub\ProyectoDAM\Creaccion_Usuario\target\modules
[INFO]   --add-modules java.base,javafx.controls,javafx.fxml,javafx.graphics,com.fasterxml.jackson.databind,com.fasterxml.jackson.core,com.fasterxml.jackson.annotations
[INFO]   --arguments --verbose
[INFO]   --win-menu
[INFO]   --win-shortcut
[INFO] ------------------------------------------------------------------------
[INFO] BUILD FAILURE
[INFO] ------------------------------------------------------------------------
[INFO] Total time:  6.113 s
[INFO] Finished at: 2025-04-17T20:47:01+01:00
[INFO] ------------------------------------------------------------------------
[ERROR] Failed to execute goal org.panteleyev:jpackage-maven-plugin:1.6.0:jpackage (default-cli) on project Creaccion_Usuario: 
[ERROR] Exit code: 1 - Error: Missing argument: --input or --app-image
[ERROR] 
[ERROR] Command line was: cmd.exe /X /C ""C:\Program Files\Java\jdk-22\bin\jpackage.exe" --name Creaccion_Usuario --dest C:\Users\darma\Documents\GitHub\ProyectoDAM\Creaccion_Usuario\target\dist --app-version 1.0.0 --vendor "Tu Compañía" --main-class dad.Main.Main --main-jar Creaccion_Usuario-1.0.0.jar --module-path C:\Users\darma\Documents\GitHub\ProyectoDAM\Creaccion_Usuario\target\modules --add-modules java.base,javafx.controls,javafx.fxml,javafx.graphics,com.fasterxml.jackson.databind,com.fasterxml.jackson.core,com.fasterxml.jackson.annotations --arguments --verbose --win-menu --win-shortcut"
[ERROR] 
[ERROR] 
[ERROR] -> [Help 1]
[ERROR] 
[ERROR] To see the full stack trace of the errors, re-run Maven with the -e switch.
[ERROR] Re-run Maven using the -X switch to enable full debug logging.
[ERROR] 
[ERROR] For more information about the errors and possible solutions, please read the following articles:
[ERROR] [Help 1] http://cwiki.apache.org/confluence/display/MAVEN/MojoExecutionException
